{"C:/development/Tutorial/react-vite-unit-testing/src/App.tsx": {"path":"C:/development/Tutorial/react-vite-unit-testing/src/App.tsx","statementMap":{"0":{"start":{"line":6,"column":22},"end":{"line":26,"column":null}},"1":{"start":{"line":7,"column":2},"end":{"line":24,"column":null}}},"fnMap":{"0":{"name":"(anonymous_0)","decl":{"start":{"line":6,"column":22},"end":{"line":6,"column":28}},"loc":{"start":{"line":6,"column":28},"end":{"line":26,"column":null}}}},"branchMap":{},"s":{"0":1,"1":2},"f":{"0":2},"b":{}}
,"C:/development/Tutorial/react-vite-unit-testing/src/main.tsx": {"path":"C:/development/Tutorial/react-vite-unit-testing/src/main.tsx","statementMap":{"0":{"start":{"line":6,"column":0},"end":{"line":11,"column":null}}},"fnMap":{},"branchMap":{},"s":{"0":0},"f":{},"b":{}}
,"C:/development/Tutorial/react-vite-unit-testing/src/components/About.tsx": {"path":"C:/development/Tutorial/react-vite-unit-testing/src/components/About.tsx","statementMap":{"0":{"start":{"line":3,"column":24},"end":{"line":10,"column":null}},"1":{"start":{"line":4,"column":2},"end":{"line":8,"column":null}}},"fnMap":{"0":{"name":"(anonymous_0)","decl":{"start":{"line":3,"column":24},"end":{"line":3,"column":30}},"loc":{"start":{"line":3,"column":30},"end":{"line":10,"column":null}}}},"branchMap":{},"s":{"0":2,"1":1},"f":{"0":1},"b":{}}
,"C:/development/Tutorial/react-vite-unit-testing/src/components/Home.tsx": {"path":"C:/development/Tutorial/react-vite-unit-testing/src/components/Home.tsx","statementMap":{"0":{"start":{"line":3,"column":23},"end":{"line":10,"column":null}},"1":{"start":{"line":4,"column":2},"end":{"line":8,"column":null}}},"fnMap":{"0":{"name":"(anonymous_0)","decl":{"start":{"line":3,"column":23},"end":{"line":3,"column":29}},"loc":{"start":{"line":3,"column":29},"end":{"line":10,"column":null}}}},"branchMap":{},"s":{"0":2,"1":3},"f":{"0":3},"b":{}}
,"C:/development/Tutorial/react-vite-unit-testing/src/components/ListPage.tsx": {"path":"C:/development/Tutorial/react-vite-unit-testing/src/components/ListPage.tsx","statementMap":{"0":{"start":{"line":3,"column":27},"end":{"line":31,"column":null}},"1":{"start":{"line":4,"column":28},"end":{"line":4,"column":null}},"2":{"start":{"line":5,"column":32},"end":{"line":5,"column":null}},"3":{"start":{"line":7,"column":18},"end":{"line":12,"column":null}},"4":{"start":{"line":8,"column":4},"end":{"line":11,"column":null}},"5":{"start":{"line":9,"column":6},"end":{"line":9,"column":null}},"6":{"start":{"line":10,"column":6},"end":{"line":10,"column":null}},"7":{"start":{"line":14,"column":2},"end":{"line":29,"column":null}},"8":{"start":{"line":20,"column":25},"end":{"line":20,"column":null}},"9":{"start":{"line":26,"column":10},"end":{"line":26,"column":null}}},"fnMap":{"0":{"name":"(anonymous_0)","decl":{"start":{"line":3,"column":27},"end":{"line":3,"column":33}},"loc":{"start":{"line":3,"column":33},"end":{"line":31,"column":null}}},"1":{"name":"(anonymous_1)","decl":{"start":{"line":7,"column":18},"end":{"line":7,"column":24}},"loc":{"start":{"line":7,"column":24},"end":{"line":12,"column":null}}},"2":{"name":"(anonymous_2)","decl":{"start":{"line":20,"column":18},"end":{"line":20,"column":19}},"loc":{"start":{"line":20,"column":25},"end":{"line":20,"column":null}}},"3":{"name":"(anonymous_3)","decl":{"start":{"line":25,"column":19},"end":{"line":25,"column":20}},"loc":{"start":{"line":26,"column":10},"end":{"line":26,"column":null}}}},"branchMap":{"0":{"loc":{"start":{"line":8,"column":4},"end":{"line":11,"column":null}},"type":"if","locations":[{"start":{"line":8,"column":4},"end":{"line":11,"column":null}},{"start":{},"end":{}}]}},"s":{"0":2,"1":3,"2":3,"3":3,"4":1,"5":1,"6":1,"7":3,"8":1,"9":10},"f":{"0":3,"1":1,"2":1,"3":10},"b":{"0":[1,0]}}
}
